<?xml version="1.0" encoding="UTF-8"?>
<testng-results ignored="1" total="23" passed="22" failed="0" skipped="0">
  <reporter-output>
  </reporter-output>
  <suite started-at="2022-08-01T21:57:47Z" name="Default suite" finished-at="2022-08-01T21:58:03Z" duration-ms="15937">
    <groups>
    </groups>
    <test started-at="2022-08-01T21:57:47Z" name="Default test" finished-at="2022-08-01T21:58:03Z" duration-ms="15937">
      <class name="testcases.Test2">
        <test-method signature="testTwoPost(java.lang.String, java.lang.String, java.lang.String, java.lang.String, java.lang.String, java.lang.String, java.lang.String, java.lang.String)[pri:0, instance:testcases.Test2@3daf7722]" started-at="2022-08-01T21:57:49Z" name="testTwoPost" data-provider="TestData.xlsx" finished-at="2022-08-01T21:57:51Z" duration-ms="2286" status="PASS">
          <params>
            <param index="0">
              <value>
                <![CDATA[https://petstore.swagger.io/]]>
              </value>
            </param>
            <param index="1">
              <value>
                <![CDATA[/v2/pet/]]>
              </value>
            </param>
            <param index="2">
              <value>
                <![CDATA[200]]>
              </value>
            </param>
            <param index="3">
              <value>
                <![CDATA[1]]>
              </value>
            </param>
            <param index="4">
              <value>
                <![CDATA[Cat]]>
              </value>
            </param>
            <param index="5">
              <value>
                <![CDATA[Saffi]]>
              </value>
            </param>
            <param index="6">
              <value>
                <![CDATA[Anonas]]>
              </value>
            </param>
            <param index="7">
              <value>
                <![CDATA[Sold]]>
              </value>
            </param>
          </params>
          <reporter-output>
          </reporter-output>
        </test-method> <!-- testTwoPost -->
        <test-method signature="testTwoPost(java.lang.String, java.lang.String, java.lang.String, java.lang.String, java.lang.String, java.lang.String, java.lang.String, java.lang.String)[pri:0, instance:testcases.Test2@3daf7722]" started-at="2022-08-01T21:57:51Z" name="testTwoPost" data-provider="TestData.xlsx" finished-at="2022-08-01T21:57:52Z" duration-ms="596" status="PASS">
          <params>
            <param index="0">
              <value>
                <![CDATA[https://petstore.swagger.io/]]>
              </value>
            </param>
            <param index="1">
              <value>
                <![CDATA[/v2/pet/]]>
              </value>
            </param>
            <param index="2">
              <value>
                <![CDATA[200]]>
              </value>
            </param>
            <param index="3">
              <value>
                <![CDATA[2]]>
              </value>
            </param>
            <param index="4">
              <value>
                <![CDATA[Dog]]>
              </value>
            </param>
            <param index="5">
              <value>
                <![CDATA[Doggo]]>
              </value>
            </param>
            <param index="6">
              <value>
                <![CDATA[Alfaro]]>
              </value>
            </param>
            <param index="7">
              <value>
                <![CDATA[Available]]>
              </value>
            </param>
          </params>
          <reporter-output>
          </reporter-output>
        </test-method> <!-- testTwoPost -->
        <test-method signature="testTwoPost(java.lang.String, java.lang.String, java.lang.String, java.lang.String, java.lang.String, java.lang.String, java.lang.String, java.lang.String)[pri:0, instance:testcases.Test2@3daf7722]" started-at="2022-08-01T21:57:52Z" name="testTwoPost" data-provider="TestData.xlsx" finished-at="2022-08-01T21:57:52Z" duration-ms="588" status="PASS">
          <params>
            <param index="0">
              <value>
                <![CDATA[https://petstore.swagger.io/]]>
              </value>
            </param>
            <param index="1">
              <value>
                <![CDATA[/v2/pet/]]>
              </value>
            </param>
            <param index="2">
              <value>
                <![CDATA[200]]>
              </value>
            </param>
            <param index="3">
              <value>
                <![CDATA[3]]>
              </value>
            </param>
            <param index="4">
              <value>
                <![CDATA[Monkey]]>
              </value>
            </param>
            <param index="5">
              <value>
                <![CDATA[Cutie]]>
              </value>
            </param>
            <param index="6">
              <value>
                <![CDATA[Patuti]]>
              </value>
            </param>
            <param index="7">
              <value>
                <![CDATA[Available]]>
              </value>
            </param>
          </params>
          <reporter-output>
          </reporter-output>
        </test-method> <!-- testTwoPost -->
        <test-method signature="testTwoPost(java.lang.String, java.lang.String, java.lang.String, java.lang.String, java.lang.String, java.lang.String, java.lang.String, java.lang.String)[pri:0, instance:testcases.Test2@3daf7722]" started-at="2022-08-01T21:57:52Z" name="testTwoPost" data-provider="TestData.xlsx" finished-at="2022-08-01T21:57:53Z" duration-ms="534" status="PASS">
          <params>
            <param index="0">
              <value>
                <![CDATA[https://petstore.swagger.io/]]>
              </value>
            </param>
            <param index="1">
              <value>
                <![CDATA[/v2/pet/]]>
              </value>
            </param>
            <param index="2">
              <value>
                <![CDATA[200]]>
              </value>
            </param>
            <param index="3">
              <value>
                <![CDATA[4]]>
              </value>
            </param>
            <param index="4">
              <value>
                <![CDATA[Dog]]>
              </value>
            </param>
            <param index="5">
              <value>
                <![CDATA[Assoc]]>
              </value>
            </param>
            <param index="6">
              <value>
                <![CDATA[Ation]]>
              </value>
            </param>
            <param index="7">
              <value>
                <![CDATA[Available]]>
              </value>
            </param>
          </params>
          <reporter-output>
          </reporter-output>
        </test-method> <!-- testTwoPost -->
        <test-method signature="testTwoPost(java.lang.String, java.lang.String, java.lang.String, java.lang.String, java.lang.String, java.lang.String, java.lang.String, java.lang.String)[pri:0, instance:testcases.Test2@3daf7722]" started-at="2022-08-01T21:57:53Z" name="testTwoPost" data-provider="TestData.xlsx" finished-at="2022-08-01T21:57:53Z" duration-ms="591" status="PASS">
          <params>
            <param index="0">
              <value>
                <![CDATA[https://petstore.swagger.io/]]>
              </value>
            </param>
            <param index="1">
              <value>
                <![CDATA[/v2/pet/]]>
              </value>
            </param>
            <param index="2">
              <value>
                <![CDATA[200]]>
              </value>
            </param>
            <param index="3">
              <value>
                <![CDATA[5]]>
              </value>
            </param>
            <param index="4">
              <value>
                <![CDATA[Cat]]>
              </value>
            </param>
            <param index="5">
              <value>
                <![CDATA[Ticky]]>
              </value>
            </param>
            <param index="6">
              <value>
                <![CDATA[Anonas]]>
              </value>
            </param>
            <param index="7">
              <value>
                <![CDATA[Sold]]>
              </value>
            </param>
          </params>
          <reporter-output>
          </reporter-output>
        </test-method> <!-- testTwoPost -->
        <test-method signature="testTwoPost(java.lang.String, java.lang.String, java.lang.String, java.lang.String, java.lang.String, java.lang.String, java.lang.String, java.lang.String)[pri:0, instance:testcases.Test2@3daf7722]" started-at="2022-08-01T21:57:53Z" name="testTwoPost" data-provider="TestData.xlsx" finished-at="2022-08-01T21:57:54Z" duration-ms="595" status="PASS">
          <params>
            <param index="0">
              <value>
                <![CDATA[https://petstore.swagger.io/]]>
              </value>
            </param>
            <param index="1">
              <value>
                <![CDATA[/v2/pet/]]>
              </value>
            </param>
            <param index="2">
              <value>
                <![CDATA[200]]>
              </value>
            </param>
            <param index="3">
              <value>
                <![CDATA[6]]>
              </value>
            </param>
            <param index="4">
              <value>
                <![CDATA[Dog]]>
              </value>
            </param>
            <param index="5">
              <value>
                <![CDATA[Doggi]]>
              </value>
            </param>
            <param index="6">
              <value>
                <![CDATA[Anton]]>
              </value>
            </param>
            <param index="7">
              <value>
                <![CDATA[Available]]>
              </value>
            </param>
          </params>
          <reporter-output>
          </reporter-output>
        </test-method> <!-- testTwoPost -->
        <test-method signature="testTwoPost(java.lang.String, java.lang.String, java.lang.String, java.lang.String, java.lang.String, java.lang.String, java.lang.String, java.lang.String)[pri:0, instance:testcases.Test2@3daf7722]" started-at="2022-08-01T21:57:54Z" name="testTwoPost" data-provider="TestData.xlsx" finished-at="2022-08-01T21:57:54Z" duration-ms="525" status="PASS">
          <params>
            <param index="0">
              <value>
                <![CDATA[https://petstore.swagger.io/]]>
              </value>
            </param>
            <param index="1">
              <value>
                <![CDATA[/v2/pet/]]>
              </value>
            </param>
            <param index="2">
              <value>
                <![CDATA[200]]>
              </value>
            </param>
            <param index="3">
              <value>
                <![CDATA[7]]>
              </value>
            </param>
            <param index="4">
              <value>
                <![CDATA[Cat]]>
              </value>
            </param>
            <param index="5">
              <value>
                <![CDATA[Meowy]]>
              </value>
            </param>
            <param index="6">
              <value>
                <![CDATA[Martins]]>
              </value>
            </param>
            <param index="7">
              <value>
                <![CDATA[Available]]>
              </value>
            </param>
          </params>
          <reporter-output>
          </reporter-output>
        </test-method> <!-- testTwoPost -->
        <test-method signature="testTwoPost(java.lang.String, java.lang.String, java.lang.String, java.lang.String, java.lang.String, java.lang.String, java.lang.String, java.lang.String)[pri:0, instance:testcases.Test2@3daf7722]" started-at="2022-08-01T21:57:54Z" name="testTwoPost" data-provider="TestData.xlsx" finished-at="2022-08-01T21:57:55Z" duration-ms="516" status="PASS">
          <params>
            <param index="0">
              <value>
                <![CDATA[https://petstore.swagger.io/]]>
              </value>
            </param>
            <param index="1">
              <value>
                <![CDATA[/v2/pet/]]>
              </value>
            </param>
            <param index="2">
              <value>
                <![CDATA[200]]>
              </value>
            </param>
            <param index="3">
              <value>
                <![CDATA[8]]>
              </value>
            </param>
            <param index="4">
              <value>
                <![CDATA[Mice]]>
              </value>
            </param>
            <param index="5">
              <value>
                <![CDATA[Squicky]]>
              </value>
            </param>
            <param index="6">
              <value>
                <![CDATA[Crazy]]>
              </value>
            </param>
            <param index="7">
              <value>
                <![CDATA[Available]]>
              </value>
            </param>
          </params>
          <reporter-output>
          </reporter-output>
        </test-method> <!-- testTwoPost -->
        <test-method signature="testTwoPost(java.lang.String, java.lang.String, java.lang.String, java.lang.String, java.lang.String, java.lang.String, java.lang.String, java.lang.String)[pri:0, instance:testcases.Test2@3daf7722]" started-at="2022-08-01T21:57:55Z" name="testTwoPost" data-provider="TestData.xlsx" finished-at="2022-08-01T21:57:56Z" duration-ms="520" status="PASS">
          <params>
            <param index="0">
              <value>
                <![CDATA[https://petstore.swagger.io/]]>
              </value>
            </param>
            <param index="1">
              <value>
                <![CDATA[/v2/pet/]]>
              </value>
            </param>
            <param index="2">
              <value>
                <![CDATA[200]]>
              </value>
            </param>
            <param index="3">
              <value>
                <![CDATA[9]]>
              </value>
            </param>
            <param index="4">
              <value>
                <![CDATA[Cat]]>
              </value>
            </param>
            <param index="5">
              <value>
                <![CDATA[Licky]]>
              </value>
            </param>
            <param index="6">
              <value>
                <![CDATA[Me]]>
              </value>
            </param>
            <param index="7">
              <value>
                <![CDATA[Available]]>
              </value>
            </param>
          </params>
          <reporter-output>
          </reporter-output>
        </test-method> <!-- testTwoPost -->
        <test-method signature="testTwoPost(java.lang.String, java.lang.String, java.lang.String, java.lang.String, java.lang.String, java.lang.String, java.lang.String, java.lang.String)[pri:0, instance:testcases.Test2@3daf7722]" started-at="2022-08-01T21:57:56Z" name="testTwoPost" data-provider="TestData.xlsx" finished-at="2022-08-01T21:57:56Z" duration-ms="593" status="PASS">
          <params>
            <param index="0">
              <value>
                <![CDATA[https://petstore.swagger.io/]]>
              </value>
            </param>
            <param index="1">
              <value>
                <![CDATA[/v2/pet/]]>
              </value>
            </param>
            <param index="2">
              <value>
                <![CDATA[200]]>
              </value>
            </param>
            <param index="3">
              <value>
                <![CDATA[]]>
              </value>
            </param>
            <param index="4">
              <value>
                <![CDATA[]]>
              </value>
            </param>
            <param index="5">
              <value>
                <![CDATA[]]>
              </value>
            </param>
            <param index="6">
              <value>
                <![CDATA[]]>
              </value>
            </param>
            <param index="7">
              <value>
                <![CDATA[]]>
              </value>
            </param>
          </params>
          <reporter-output>
          </reporter-output>
        </test-method> <!-- testTwoPost -->
        <test-method signature="testTwoGet(java.lang.String, java.lang.String, java.lang.String, java.lang.String)[pri:2, instance:testcases.Test2@3daf7722]" started-at="2022-08-01T21:57:56Z" name="testTwoGet" data-provider="TestData.xlsx" finished-at="2022-08-01T21:57:57Z" duration-ms="530" status="PASS">
          <params>
            <param index="0">
              <value>
                <![CDATA[1]]>
              </value>
            </param>
            <param index="1">
              <value>
                <![CDATA[200]]>
              </value>
            </param>
            <param index="2">
              <value>
                <![CDATA[https://petstore.swagger.io/]]>
              </value>
            </param>
            <param index="3">
              <value>
                <![CDATA[/v2/pet/]]>
              </value>
            </param>
          </params>
          <reporter-output>
          </reporter-output>
        </test-method> <!-- testTwoGet -->
        <test-method signature="testTwoGet(java.lang.String, java.lang.String, java.lang.String, java.lang.String)[pri:2, instance:testcases.Test2@3daf7722]" started-at="2022-08-01T21:57:57Z" name="testTwoGet" data-provider="TestData.xlsx" finished-at="2022-08-01T21:57:57Z" duration-ms="577" status="PASS">
          <params>
            <param index="0">
              <value>
                <![CDATA[2]]>
              </value>
            </param>
            <param index="1">
              <value>
                <![CDATA[200]]>
              </value>
            </param>
            <param index="2">
              <value>
                <![CDATA[https://petstore.swagger.io/]]>
              </value>
            </param>
            <param index="3">
              <value>
                <![CDATA[/v2/pet/]]>
              </value>
            </param>
          </params>
          <reporter-output>
          </reporter-output>
        </test-method> <!-- testTwoGet -->
        <test-method signature="testTwoGet(java.lang.String, java.lang.String, java.lang.String, java.lang.String)[pri:2, instance:testcases.Test2@3daf7722]" started-at="2022-08-01T21:57:57Z" name="testTwoGet" data-provider="TestData.xlsx" finished-at="2022-08-01T21:57:58Z" duration-ms="514" status="PASS">
          <params>
            <param index="0">
              <value>
                <![CDATA[3]]>
              </value>
            </param>
            <param index="1">
              <value>
                <![CDATA[200]]>
              </value>
            </param>
            <param index="2">
              <value>
                <![CDATA[https://petstore.swagger.io/]]>
              </value>
            </param>
            <param index="3">
              <value>
                <![CDATA[/v2/pet/]]>
              </value>
            </param>
          </params>
          <reporter-output>
          </reporter-output>
        </test-method> <!-- testTwoGet -->
        <test-method signature="testTwoGet(java.lang.String, java.lang.String, java.lang.String, java.lang.String)[pri:2, instance:testcases.Test2@3daf7722]" started-at="2022-08-01T21:57:58Z" name="testTwoGet" data-provider="TestData.xlsx" finished-at="2022-08-01T21:57:58Z" duration-ms="586" status="PASS">
          <params>
            <param index="0">
              <value>
                <![CDATA[4]]>
              </value>
            </param>
            <param index="1">
              <value>
                <![CDATA[200]]>
              </value>
            </param>
            <param index="2">
              <value>
                <![CDATA[https://petstore.swagger.io/]]>
              </value>
            </param>
            <param index="3">
              <value>
                <![CDATA[/v2/pet/]]>
              </value>
            </param>
          </params>
          <reporter-output>
          </reporter-output>
        </test-method> <!-- testTwoGet -->
        <test-method signature="testTwoGet(java.lang.String, java.lang.String, java.lang.String, java.lang.String)[pri:2, instance:testcases.Test2@3daf7722]" started-at="2022-08-01T21:57:58Z" name="testTwoGet" data-provider="TestData.xlsx" finished-at="2022-08-01T21:57:59Z" duration-ms="584" status="PASS">
          <params>
            <param index="0">
              <value>
                <![CDATA[5]]>
              </value>
            </param>
            <param index="1">
              <value>
                <![CDATA[200]]>
              </value>
            </param>
            <param index="2">
              <value>
                <![CDATA[https://petstore.swagger.io/]]>
              </value>
            </param>
            <param index="3">
              <value>
                <![CDATA[/v2/pet/]]>
              </value>
            </param>
          </params>
          <reporter-output>
          </reporter-output>
        </test-method> <!-- testTwoGet -->
        <test-method signature="testTwoGet(java.lang.String, java.lang.String, java.lang.String, java.lang.String)[pri:2, instance:testcases.Test2@3daf7722]" started-at="2022-08-01T21:57:59Z" name="testTwoGet" data-provider="TestData.xlsx" finished-at="2022-08-01T21:58:00Z" duration-ms="523" status="PASS">
          <params>
            <param index="0">
              <value>
                <![CDATA[6]]>
              </value>
            </param>
            <param index="1">
              <value>
                <![CDATA[200]]>
              </value>
            </param>
            <param index="2">
              <value>
                <![CDATA[https://petstore.swagger.io/]]>
              </value>
            </param>
            <param index="3">
              <value>
                <![CDATA[/v2/pet/]]>
              </value>
            </param>
          </params>
          <reporter-output>
          </reporter-output>
        </test-method> <!-- testTwoGet -->
        <test-method signature="testTwoGet(java.lang.String, java.lang.String, java.lang.String, java.lang.String)[pri:2, instance:testcases.Test2@3daf7722]" started-at="2022-08-01T21:58:00Z" name="testTwoGet" data-provider="TestData.xlsx" finished-at="2022-08-01T21:58:00Z" duration-ms="585" status="PASS">
          <params>
            <param index="0">
              <value>
                <![CDATA[7]]>
              </value>
            </param>
            <param index="1">
              <value>
                <![CDATA[200]]>
              </value>
            </param>
            <param index="2">
              <value>
                <![CDATA[https://petstore.swagger.io/]]>
              </value>
            </param>
            <param index="3">
              <value>
                <![CDATA[/v2/pet/]]>
              </value>
            </param>
          </params>
          <reporter-output>
          </reporter-output>
        </test-method> <!-- testTwoGet -->
        <test-method signature="testTwoGet(java.lang.String, java.lang.String, java.lang.String, java.lang.String)[pri:2, instance:testcases.Test2@3daf7722]" started-at="2022-08-01T21:58:00Z" name="testTwoGet" data-provider="TestData.xlsx" finished-at="2022-08-01T21:58:01Z" duration-ms="575" status="PASS">
          <params>
            <param index="0">
              <value>
                <![CDATA[8]]>
              </value>
            </param>
            <param index="1">
              <value>
                <![CDATA[200]]>
              </value>
            </param>
            <param index="2">
              <value>
                <![CDATA[https://petstore.swagger.io/]]>
              </value>
            </param>
            <param index="3">
              <value>
                <![CDATA[/v2/pet/]]>
              </value>
            </param>
          </params>
          <reporter-output>
          </reporter-output>
        </test-method> <!-- testTwoGet -->
        <test-method signature="testTwoGet(java.lang.String, java.lang.String, java.lang.String, java.lang.String)[pri:2, instance:testcases.Test2@3daf7722]" started-at="2022-08-01T21:58:01Z" name="testTwoGet" data-provider="TestData.xlsx" finished-at="2022-08-01T21:58:01Z" duration-ms="592" status="PASS">
          <params>
            <param index="0">
              <value>
                <![CDATA[9]]>
              </value>
            </param>
            <param index="1">
              <value>
                <![CDATA[200]]>
              </value>
            </param>
            <param index="2">
              <value>
                <![CDATA[https://petstore.swagger.io/]]>
              </value>
            </param>
            <param index="3">
              <value>
                <![CDATA[/v2/pet/]]>
              </value>
            </param>
          </params>
          <reporter-output>
          </reporter-output>
        </test-method> <!-- testTwoGet -->
        <test-method signature="testTwoGet(java.lang.String, java.lang.String, java.lang.String, java.lang.String)[pri:2, instance:testcases.Test2@3daf7722]" started-at="2022-08-01T21:58:01Z" name="testTwoGet" data-provider="TestData.xlsx" finished-at="2022-08-01T21:58:02Z" duration-ms="518" status="PASS">
          <params>
            <param index="0">
              <value>
                <![CDATA[10]]>
              </value>
            </param>
            <param index="1">
              <value>
                <![CDATA[404]]>
              </value>
            </param>
            <param index="2">
              <value>
                <![CDATA[https://petstore.swagger.io/]]>
              </value>
            </param>
            <param index="3">
              <value>
                <![CDATA[/v2/pet/]]>
              </value>
            </param>
          </params>
          <reporter-output>
          </reporter-output>
        </test-method> <!-- testTwoGet -->
        <test-method signature="testTwoGet(java.lang.String, java.lang.String, java.lang.String, java.lang.String)[pri:2, instance:testcases.Test2@3daf7722]" started-at="2022-08-01T21:58:02Z" name="testTwoGet" data-provider="TestData.xlsx" finished-at="2022-08-01T21:58:02Z" duration-ms="589" status="PASS">
          <params>
            <param index="0">
              <value>
                <![CDATA[11]]>
              </value>
            </param>
            <param index="1">
              <value>
                <![CDATA[404]]>
              </value>
            </param>
            <param index="2">
              <value>
                <![CDATA[https://petstore.swagger.io/]]>
              </value>
            </param>
            <param index="3">
              <value>
                <![CDATA[/v2/pet/]]>
              </value>
            </param>
          </params>
          <reporter-output>
          </reporter-output>
        </test-method> <!-- testTwoGet -->
        <test-method signature="testTwoGet(java.lang.String, java.lang.String, java.lang.String, java.lang.String)[pri:2, instance:testcases.Test2@3daf7722]" started-at="2022-08-01T21:58:02Z" name="testTwoGet" data-provider="TestData.xlsx" finished-at="2022-08-01T21:58:03Z" duration-ms="575" status="PASS">
          <params>
            <param index="0">
              <value>
                <![CDATA[0]]>
              </value>
            </param>
            <param index="1">
              <value>
                <![CDATA[404]]>
              </value>
            </param>
            <param index="2">
              <value>
                <![CDATA[https://petstore.swagger.io/]]>
              </value>
            </param>
            <param index="3">
              <value>
                <![CDATA[/v2/pet/]]>
              </value>
            </param>
          </params>
          <reporter-output>
          </reporter-output>
        </test-method> <!-- testTwoGet -->
      </class> <!-- testcases.Test2 -->
    </test> <!-- Default test -->
  </suite> <!-- Default suite -->
</testng-results>
